<?xml version="1.0" encoding="UTF-8"?>
<!-- Generated by org.testng.reporters.JUnitReportReporter -->
<testsuite hostname="KYB-PC" name="com.mushishi.appiumstudy.App" tests="1" failures="0" timestamp="21 Mar 2017 07:05:12 GMT" time="25.426" errors="0">
  <testcase name="test_upload" time="25.426" classname="com.mushishi.appiumstudy.App"/>
</testsuite> <!-- com.mushishi.appiumstudy.App -->
