<?xml version="1.0" encoding="UTF-8"?>
<!-- Generated by org.testng.reporters.JUnitReportReporter -->
<testsuite hostname="KYB-PC" name="com.mushishi.appium.datadriver.TestSuiteByExcel" tests="1" failures="0" timestamp="12 Apr 2017 12:08:18 GMT" time="59.261" errors="0">
  <testcase name="testTestSuite" time="59.261" classname="com.mushishi.appium.datadriver.TestSuiteByExcel"/>
</testsuite> <!-- com.mushishi.appium.datadriver.TestSuiteByExcel -->
