<?xml version="1.0" encoding="UTF-8"?>
<!-- Generated by org.testng.reporters.JUnitReportReporter -->
<testsuite hostname="ali-4c32758b203f.local" name="TestNew" tests="2" failures="0" timestamp="17 Apr 2017 03:48:58 GMT" time="3.008" errors="0">
  <testcase name="addContact2" time="0.006" classname="TestNew"/>
  <testcase name="addContact" time="3.002" classname="TestNew"/>
</testsuite> <!-- TestNew -->
