<?xml version="1.0" encoding="UTF-8"?>
<!-- Generated by org.testng.reporters.JUnitReportReporter -->
<testsuite hostname="ali-4c32758b203f.local" name="appiumtest.TestNew2" tests="1" failures="0" timestamp="21 Apr 2017 04:06:11 GMT" time="3.005" errors="0">
  <testcase name="startApp" time="3.005" classname="appiumtest.TestNew2"/>
</testsuite> <!-- appiumtest.TestNew2 -->
